> show dbs
admin   0.000GB
config  0.000GB
local   0.000GB
webdev  0.000GB
> use webdev
switched to db webdev

> db.movies.insert({title: 'Aliens', rating: 4.5})
WriteResult({ "nInserted" : 1 })

> db.movies.find()
{ "_id" : ObjectId("61a38aa5156daa9e2b61b999"), "title" : "Dune", "rating" : 4.9 }
{ "_id" : ObjectId("61a392b698810474a74f42ee"), "title" : "New Movie", "__v" : 0 }
{ "_id" : ObjectId("61a392b898810474a74f4732"), "title" : "New Movie", "__v" : 0 }
{ "_id" : ObjectId("61a392c098810474a74f5785"), "title" : "New Movie", "__v" : 0 }
{ "_id" : ObjectId("61a392d298810474a74f77ef"), "title" : "New Movie", "__v" : 0 }
{ "_id" : ObjectId("61a392d398810474a74f797d"), "title" : "New Movie", "__v" : 0 }


> db.tweets.insert({
...     "topic": "Web Development",
...     "userName": "ReactJS",
...     "verified": false,
...     "handle": "ReactJS",
...     "time": "2h",
...     "title": "React.js is a component based front end library that makes it very easy to build Single Page Applications or SPAs",
...     "tweet": "Lorem ipsum dolor sit amet, consectetur adipiscing elit, sed do eiusmod tempor incididunt ut labore et dolore magna aliqua. Ut enim ad minim veniam, quis nostrud exercitation ullamco laboris nisi ut aliquip ex ea commodo consequat. Duis aute irure dolor in reprehenderit in voluptate velit esse cillum dolore eu fugiat nulla pariatur.",
...     "attachments": {
...       "video": "unKvMC3Y1kI"
...     },
...     "logo-image": "../../../images/react-blue.png",
...     "avatar-image": "../../../images/react-blue.png",
...     "stats": {
...       "comments": 123,
...       "retweets": 234,
...       "likes": 345
... }})
WriteResult({ "nInserted" : 1 })

> db.tweets.insert(  {
...
...     "topic": "Space",
...     "userName": "SpaceX",
...     "verified": false,
...     "handle": "spacex",
...     "title": "",
...     "tweet": "Lorem ipsum dolor sit amet, consectetur adipiscing elit, sed do eiusmod tempor incididunt ut labore et dolore magna aliqua. Ut enim ad minim veniam, quis nostrud exercitation ullamco laboris nisi ut aliquip ex ea commodo consequat. Duis aute irure dolor in reprehenderit in voluptate velit esse cillum dolore eu fugiat nulla pariatur.",
...     "attachments": {
...       "image": "../images/starship.png"
...     },
...     "time": "last month",
...     "logo-image": "../../../images/elonmask.jpeg",
...     "avatar-image": "../../../images/elonmask.jpeg",
...     "tweets": "120K",
...     "stats": {
...       "comments": 123,
...       "retweets": 234,
...       "likes": 345
...     }
...   })
WriteResult({ "nInserted" : 1 })
> db.tweets.insert( {
...
...     "topic": "Space",
...     "userName": "Scott Manley",
...     "verified": true,
...     "handle": "DJSnM",
...     "published-date": "2020-12-10",
...     "time": "1 day",
...     "title": "JavaScript is programming language that can run on browsers as well as desktops",
...     "tweet": "Lorem ipsum dolor sit amet, consectetur adipiscing elit, sed do eiusmod tempor incididunt ut labore et dolore magna aliqua. Ut enim ad minim veniam, quis nostrud exercitation ullamco laboris nisi ut aliquip ex ea commodo consequat. Duis aute irure dolor in reprehenderit in voluptate velit esse cillum dolore eu fugiat nulla pariatur.",
...     "logo-image": "../../../images/js.png",
...     "avatar-image": "../../../images/js.png",
...     "tweets": "123K",
...     "stats": {
...       "comments": 123,
...       "retweets": 234,
...       "likes": 345
...     }
...   })
WriteResult({ "nInserted" : 1 })
> db.tweets.insert(  {
...     "_id": "345",
...     "topic": "Web Development",
...     "userName": "jQuery",
...     "verified": false,
...     "handle": "jQuery",
...     "title": "jQuery",
...     "tweet": "Lorem ipsum dolor sit amet, consectetur adipiscing elit, sed do eiusmod tempor incididunt ut labore et dolore magna aliqua. Ut enim ad minim veniam, quis nostrud exercitation ullamco laboris nisi ut aliquip ex ea commodo consequat. Duis aute irure dolor in reprehenderit in voluptate velit esse cillum dolore eu fugiat nulla pariatur.",
...     "time": "last week",
...     "logo-image": "../../../images/jquery.png",
...     "avatar-image": "../../../images/jquery.png",
...     "tweets": "122K",
...     "stats": {
...       "comments": 123,
...       "retweets": 234,
...       "likes": 345
...     }
...
...
>
> db.tweets.insert(  {
...
...     "topic": "Web Development",
...     "userName": "jQuery",
...     "verified": false,
...     "handle": "jQuery",
...     "title": "jQuery",
...     "tweet": "Lorem ipsum dolor sit amet, consectetur adipiscing elit, sed do eiusmod tempor incididunt ut labore et dolore magna aliqua. Ut enim ad minim veniam, quis nostrud exercitation ullamco laboris nisi ut aliquip ex ea commodo consequat. Duis aute irure dolor in reprehenderit in voluptate velit esse cillum dolore eu fugiat nulla pariatur.",
...     "time": "last week",
...     "logo-image": "../../../images/jquery.png",
...     "avatar-image": "../../../images/jquery.png",
...     "tweets": "122K",
...     "stats": {
...       "comments": 123,
...       "retweets": 234,
...       "likes": 345
...     }
...   })
WriteResult({ "nInserted" : 1 })
> db.tweets.insert(  {
...
...     "topic": "Web Development",
...     "userName": "NodeJS",
...     "verified": true,
...     "handle": "NodeJS",
...     "title": "",
...     "tweet": "Lorem ipsum dolor sit amet, consectetur adipiscing elit, sed do eiusmod tempor incididunt ut labore et dolore magna aliqua. Ut enim ad minim veniam, quis nostrud exercitation ullamco laboris nisi ut aliquip ex ea commodo consequat. Duis aute irure dolor in reprehenderit in voluptate velit esse cillum dolore eu fugiat nulla pariatur.",
...     "time": "last month",
...     "logo-image": "../../../images/nodejs.png",
...     "avatar-image": "../../../images/nodejs.png",
...     "tweets": "120K",
...     "stats": {
...       "comments": 123,
...       "retweets": 234,
...       "likes": 345
...     }
...   })
WriteResult({ "nInserted" : 1 })
> db.tweets.find().pretty()
{
	"_id" : ObjectId("61ab728375867f97ce218f59"),
	"topic" : "Web Development",
	"userName" : "ReactJS",
	"verified" : false,
	"handle" : "ReactJS",
	"time" : "2h",
	"title" : "React.js is a component based front end library that makes it very easy to build Single Page Applications or SPAs",
	"tweet" : "Lorem ipsum dolor sit amet, consectetur adipiscing elit, sed do eiusmod tempor incididunt ut labore et dolore magna aliqua. Ut enim ad minim veniam, quis nostrud exercitation ullamco laboris nisi ut aliquip ex ea commodo consequat. Duis aute irure dolor in reprehenderit in voluptate velit esse cillum dolore eu fugiat nulla pariatur.",
	"attachments" : {
		"video" : "unKvMC3Y1kI"
	},
	"logo-image" : "../../../images/react-blue.png",
	"avatar-image" : "../../../images/react-blue.png",
	"stats" : {
		"comments" : 123,
		"retweets" : 234,
		"likes" : 345
	}
}
{
	"_id" : ObjectId("61ab72bb75867f97ce218f5a"),
	"topic" : "Space",
	"userName" : "SpaceX",
	"verified" : false,
	"handle" : "spacex",
	"title" : "",
	"tweet" : "Lorem ipsum dolor sit amet, consectetur adipiscing elit, sed do eiusmod tempor incididunt ut labore et dolore magna aliqua. Ut enim ad minim veniam, quis nostrud exercitation ullamco laboris nisi ut aliquip ex ea commodo consequat. Duis aute irure dolor in reprehenderit in voluptate velit esse cillum dolore eu fugiat nulla pariatur.",
	"attachments" : {
		"image" : "../images/starship.png"
	},
	"time" : "last month",
	"logo-image" : "../../../images/elonmask.jpeg",
	"avatar-image" : "../../../images/elonmask.jpeg",
	"tweets" : "120K",
	"stats" : {
		"comments" : 123,
		"retweets" : 234,
		"likes" : 345
	}
}
{
	"_id" : ObjectId("61ab72e875867f97ce218f5b"),
	"topic" : "Space",
	"userName" : "Scott Manley",
	"verified" : true,
	"handle" : "DJSnM",
	"published-date" : "2020-12-10",
	"time" : "1 day",
	"title" : "JavaScript is programming language that can run on browsers as well as desktops",
	"tweet" : "Lorem ipsum dolor sit amet, consectetur adipiscing elit, sed do eiusmod tempor incididunt ut labore et dolore magna aliqua. Ut enim ad minim veniam, quis nostrud exercitation ullamco laboris nisi ut aliquip ex ea commodo consequat. Duis aute irure dolor in reprehenderit in voluptate velit esse cillum dolore eu fugiat nulla pariatur.",
	"logo-image" : "../../../images/js.png",
	"avatar-image" : "../../../images/js.png",
	"tweets" : "123K",
	"stats" : {
		"comments" : 123,
		"retweets" : 234,
		"likes" : 345
	}
}
{
	"_id" : ObjectId("61ab733275867f97ce218f5c"),
	"topic" : "Web Development",
	"userName" : "jQuery",
	"verified" : false,
	"handle" : "jQuery",
	"title" : "jQuery",
	"tweet" : "Lorem ipsum dolor sit amet, consectetur adipiscing elit, sed do eiusmod tempor incididunt ut labore et dolore magna aliqua. Ut enim ad minim veniam, quis nostrud exercitation ullamco laboris nisi ut aliquip ex ea commodo consequat. Duis aute irure dolor in reprehenderit in voluptate velit esse cillum dolore eu fugiat nulla pariatur.",
	"time" : "last week",
	"logo-image" : "../../../images/jquery.png",
	"avatar-image" : "../../../images/jquery.png",
	"tweets" : "122K",
	"stats" : {
		"comments" : 123,
		"retweets" : 234,
		"likes" : 345
	}
}
{
	"_id" : ObjectId("61ab734b75867f97ce218f5d"),
	"topic" : "Web Development",
	"userName" : "NodeJS",
	"verified" : true,
	"handle" : "NodeJS",
	"title" : "",
	"tweet" : "Lorem ipsum dolor sit amet, consectetur adipiscing elit, sed do eiusmod tempor incididunt ut labore et dolore magna aliqua. Ut enim ad minim veniam, quis nostrud exercitation ullamco laboris nisi ut aliquip ex ea commodo consequat. Duis aute irure dolor in reprehenderit in voluptate velit esse cillum dolore eu fugiat nulla pariatur.",
	"time" : "last month",
	"logo-image" : "../../../images/nodejs.png",
	"avatar-image" : "../../../images/nodejs.png",
	"tweets" : "120K",
	"stats" : {
		"comments" : 123,
		"retweets" : 234,
		"likes" : 345
	}
}
> db.tweets.find().pretty()
{
	"_id" : ObjectId("61ab728375867f97ce218f59"),
	"topic" : "Web Development",
	"userName" : "ReactJS",
	"verified" : false,
	"handle" : "ReactJS",
	"time" : "2h",
	"title" : "React.js is a component based front end library that makes it very easy to build Single Page Applications or SPAs",
	"tweet" : "Lorem ipsum dolor sit amet, consectetur adipiscing elit, sed do eiusmod tempor incididunt ut labore et dolore magna aliqua. Ut enim ad minim veniam, quis nostrud exercitation ullamco laboris nisi ut aliquip ex ea commodo consequat. Duis aute irure dolor in reprehenderit in voluptate velit esse cillum dolore eu fugiat nulla pariatur.",
	"attachments" : {
		"video" : "unKvMC3Y1kI"
	},
	"logo-image" : "../../../images/react-blue.png",
	"avatar-image" : "../../../images/react-blue.png",
	"stats" : {
		"comments" : 123,
		"retweets" : 234,
		"likes" : 345
	}
}
{
	"_id" : ObjectId("61ab72bb75867f97ce218f5a"),
	"topic" : "Space",
	"userName" : "SpaceX",
	"verified" : false,
	"handle" : "spacex",
	"title" : "",
	"tweet" : "Lorem ipsum dolor sit amet, consectetur adipiscing elit, sed do eiusmod tempor incididunt ut labore et dolore magna aliqua. Ut enim ad minim veniam, quis nostrud exercitation ullamco laboris nisi ut aliquip ex ea commodo consequat. Duis aute irure dolor in reprehenderit in voluptate velit esse cillum dolore eu fugiat nulla pariatur.",
	"attachments" : {
		"image" : "../images/starship.png"
	},
	"time" : "last month",
	"logo-image" : "../../../images/elonmask.jpeg",
	"avatar-image" : "../../../images/elonmask.jpeg",
	"tweets" : "120K",
	"stats" : {
		"comments" : 123,
		"retweets" : 234,
		"likes" : 345
	}
}
{
	"_id" : ObjectId("61ab72e875867f97ce218f5b"),
	"topic" : "Space",
	"userName" : "Scott Manley",
	"verified" : true,
	"handle" : "DJSnM",
	"published-date" : "2020-12-10",
	"time" : "1 day",
	"title" : "JavaScript is programming language that can run on browsers as well as desktops",
	"tweet" : "Lorem ipsum dolor sit amet, consectetur adipiscing elit, sed do eiusmod tempor incididunt ut labore et dolore magna aliqua. Ut enim ad minim veniam, quis nostrud exercitation ullamco laboris nisi ut aliquip ex ea commodo consequat. Duis aute irure dolor in reprehenderit in voluptate velit esse cillum dolore eu fugiat nulla pariatur.",
	"logo-image" : "../../../images/js.png",
	"avatar-image" : "../../../images/js.png",
	"tweets" : "123K",
	"stats" : {
		"comments" : 123,
		"retweets" : 234,
		"likes" : 345
	}
}
{
	"_id" : ObjectId("61ab733275867f97ce218f5c"),
	"topic" : "Web Development",
	"userName" : "jQuery",
	"verified" : false,
	"handle" : "jQuery",
	"title" : "jQuery",
	"tweet" : "Lorem ipsum dolor sit amet, consectetur adipiscing elit, sed do eiusmod tempor incididunt ut labore et dolore magna aliqua. Ut enim ad minim veniam, quis nostrud exercitation ullamco laboris nisi ut aliquip ex ea commodo consequat. Duis aute irure dolor in reprehenderit in voluptate velit esse cillum dolore eu fugiat nulla pariatur.",
	"time" : "last week",
	"logo-image" : "../../../images/jquery.png",
	"avatar-image" : "../../../images/jquery.png",
	"tweets" : "122K",
	"stats" : {
		"comments" : 123,
		"retweets" : 234,
		"likes" : 345
	}
}
{
	"_id" : ObjectId("61ab734b75867f97ce218f5d"),
	"topic" : "Web Development",
	"userName" : "NodeJS",
	"verified" : true,
	"handle" : "NodeJS",
	"title" : "",
	"tweet" : "Lorem ipsum dolor sit amet, consectetur adipiscing elit, sed do eiusmod tempor incididunt ut labore et dolore magna aliqua. Ut enim ad minim veniam, quis nostrud exercitation ullamco laboris nisi ut aliquip ex ea commodo consequat. Duis aute irure dolor in reprehenderit in voluptate velit esse cillum dolore eu fugiat nulla pariatur.",
	"time" : "last month",
	"logo-image" : "../../../images/nodejs.png",
	"avatar-image" : "../../../images/nodejs.png",
	"tweets" : "120K",
	"stats" : {
		"comments" : 123,
		"retweets" : 234,
		"likes" : 345
	}
}
{
	"_id" : ObjectId("61ab7658f0718ca2acf09908"),
	"topic" : "Web Development",
	"userName" : "Xueying He",
	"verified" : false,
	"handle" : "xyinghe",
	"tweet" : "111",
	"time" : "2h",
	"logo-image" : "../../../images/coco.jpg",
	"avatar-image" : "../../../images/coco.jpg",
	"stats" : {
		"comments" : 123,
		"retweets" : 234,
		"likes" : 345
	},
	"__v" : 0
}
{
	"_id" : ObjectId("61ab7659f0718ca2acf09a0b"),
	"topic" : "Web Development",
	"userName" : "Xueying He",
	"verified" : false,
	"handle" : "xyinghe",
	"tweet" : "111",
	"time" : "2h",
	"logo-image" : "../../../images/coco.jpg",
	"avatar-image" : "../../../images/coco.jpg",
	"stats" : {
		"comments" : 123,
		"retweets" : 234,
		"likes" : 345
	},
	"__v" : 0
}
{
	"_id" : ObjectId("61ab765bf0718ca2acf09cc4"),
	"topic" : "Web Development",
	"userName" : "Xueying He",
	"verified" : false,
	"handle" : "xyinghe",
	"tweet" : "111111",
	"time" : "2h",
	"logo-image" : "../../../images/coco.jpg",
	"avatar-image" : "../../../images/coco.jpg",
	"stats" : {
		"comments" : 123,
		"retweets" : 234,
		"likes" : 345
	},
	"__v" : 0
}
{
	"_id" : ObjectId("61ab765bf0718ca2acf09d49"),
	"topic" : "Web Development",
	"userName" : "Xueying He",
	"verified" : false,
	"handle" : "xyinghe",
	"tweet" : "111111",
	"time" : "2h",
	"logo-image" : "../../../images/coco.jpg",
	"avatar-image" : "../../../images/coco.jpg",
	"stats" : {
		"comments" : 123,
		"retweets" : 234,
		"likes" : 345
	},
	"__v" : 0
}
{
	"_id" : ObjectId("61ab765cf0718ca2acf09def"),
	"topic" : "Web Development",
	"userName" : "Xueying He",
	"verified" : false,
	"handle" : "xyinghe",
	"tweet" : "111111",
	"time" : "2h",
	"logo-image" : "../../../images/coco.jpg",
	"avatar-image" : "../../../images/coco.jpg",
	"stats" : {
		"comments" : 123,
		"retweets" : 234,
		"likes" : 345
	},
	"__v" : 0
}
>
> db.who.insert(  {   "avatarIcon": "/images/java.png",
...     "userName": "Java", "handle": "Java"})
WriteResult({ "nInserted" : 1 })
> db.who.insert(  {   "avatarIcon": "/images/relativity.png",
...     "userName": "Relativity Space",
...     "handle": "relativityspace" })
WriteResult({ "nInserted" : 1 })
> db.who.insert({  {   "avatarIcon": "/images/virgin.svg",
...     "userName": "Virgin Galactic",
...     "handle": "virgingalactic" })
...
...
> db.who.insert(  {   "avatarIcon": "/images/virgin.svg",
...     "userName": "Virgin Galactic",
...     "handle": "virgingalactic" })
WriteResult({ "nInserted" : 1 })
> db.who.insert(  {   "avatarIcon": "/images/nasa.png",
...     "userName": "NASA", "handle": "NASA"})
WriteResult({ "nInserted" : 1 })
> db.who.insert(  {   "avatarIcon": "/images/tesla.png",
...     "userName": "Tesla", "handle": "Tesla"})
WriteResult({ "nInserted" : 1 })
> db.who.find().pretty()
{
	"_id" : ObjectId("61ab76d775867f97ce218f5e"),
	"avatarIcon" : "/images/java.png",
	"userName" : "Java",
	"handle" : "Java"
}
{
	"_id" : ObjectId("61ab76e675867f97ce218f5f"),
	"avatarIcon" : "/images/relativity.png",
	"userName" : "Relativity Space",
	"handle" : "relativityspace"
}
{
	"_id" : ObjectId("61ab771275867f97ce218f60"),
	"avatarIcon" : "/images/virgin.svg",
	"userName" : "Virgin Galactic",
	"handle" : "virgingalactic"
}
{
	"_id" : ObjectId("61ab772175867f97ce218f61"),
	"avatarIcon" : "/images/nasa.png",
	"userName" : "NASA",
	"handle" : "NASA"
}
{
	"_id" : ObjectId("61ab773075867f97ce218f62"),
	"avatarIcon" : "/images/tesla.png",
	"userName" : "Tesla",
	"handle" : "Tesla"
}
> db.profile.insert({"name": "Jose Annunziato",
...   "tweetsCount":"5,196",
...   "handle": "jannunzi",
...   "profilePicture": "../../../images/coco.jpg",
...   "bannerPicture": "../../../images/banner.jpeg",
...   "bio": "Faculty, Software Engineer, AI, Space, and renewable enthusiast.Retweets and likes are not endorsements.",
...   "website": "youtube.com/webdevtv",
...   "location": "Boston, MA",
...   "dateOfBirth": "7/7/1968",
...   "dateJoined": "4/2009",
...   "followingCount": "312",
...   "followersCount": "180"})
WriteResult({ "nInserted" : 1 })
> db.profile.find()
{ "_id" : ObjectId("61ab7bef75867f97ce218f63"), "name" : "Jose Annunziato", "tweetsCount" : "5,196", "handle" : "jannunzi", "profilePicture" : "../../../images/coco.jpg", "bannerPicture" : "../../../images/banner.jpeg", "bio" : "Faculty, Software Engineer, AI, Space, and renewable enthusiast.Retweets and likes are not endorsements.", "website" : "youtube.com/webdevtv", "location" : "Boston, MA", "dateOfBirth" : "7/7/1968", "dateJoined" : "4/2009", "followingCount" : "312", "followersCount" : "180" }
> db.profile.find()
{ "_id" : ObjectId("61ab7bef75867f97ce218f63"), "name" : "Jose Annunziato", "tweetsCount" : "5,196", "handle" : "jannunzi", "profilePicture" : "../../../images/coco.jpg", "bannerPicture" : "../../../images/banner.jpeg", "bio" : "Faculty, Software Engineer, AI, Space, and renewable enthusiast.Retweets and likes are not endorsements.", "website" : "youtube.com/webdevtv", "location" : "Boston, MA", "dateOfBirth" : "7/7/1968", "dateJoined" : "4/2009", "followingCount" : "312", "followersCount" : "180" }
> db.tweets.find().pretty()
{
	"_id" : ObjectId("61ab728375867f97ce218f59"),
	"topic" : "Web Development",
	"userName" : "ReactJS",
	"verified" : false,
	"handle" : "ReactJS",
	"time" : "2h",
	"title" : "React.js is a component based front end library that makes it very easy to build Single Page Applications or SPAs",
	"tweet" : "Lorem ipsum dolor sit amet, consectetur adipiscing elit, sed do eiusmod tempor incididunt ut labore et dolore magna aliqua. Ut enim ad minim veniam, quis nostrud exercitation ullamco laboris nisi ut aliquip ex ea commodo consequat. Duis aute irure dolor in reprehenderit in voluptate velit esse cillum dolore eu fugiat nulla pariatur.",
	"attachments" : {
		"video" : "unKvMC3Y1kI"
	},
	"logo-image" : "../../../images/react-blue.png",
	"avatar-image" : "../../../images/react-blue.png",
	"stats" : {
		"comments" : 123,
		"retweets" : 234,
		"likes" : 345
	}
}
{
	"_id" : ObjectId("61ab72bb75867f97ce218f5a"),
	"topic" : "Space",
	"userName" : "SpaceX",
	"verified" : false,
	"handle" : "spacex",
	"title" : "",
	"tweet" : "Lorem ipsum dolor sit amet, consectetur adipiscing elit, sed do eiusmod tempor incididunt ut labore et dolore magna aliqua. Ut enim ad minim veniam, quis nostrud exercitation ullamco laboris nisi ut aliquip ex ea commodo consequat. Duis aute irure dolor in reprehenderit in voluptate velit esse cillum dolore eu fugiat nulla pariatur.",
	"attachments" : {
		"image" : "../images/starship.png"
	},
	"time" : "last month",
	"logo-image" : "../../../images/elonmask.jpeg",
	"avatar-image" : "../../../images/elonmask.jpeg",
	"tweets" : "120K",
	"stats" : {
		"comments" : 123,
		"retweets" : 234,
		"likes" : 345
	}
}
{
	"_id" : ObjectId("61ab72e875867f97ce218f5b"),
	"topic" : "Space",
	"userName" : "Scott Manley",
	"verified" : true,
	"handle" : "DJSnM",
	"published-date" : "2020-12-10",
	"time" : "1 day",
	"title" : "JavaScript is programming language that can run on browsers as well as desktops",
	"tweet" : "Lorem ipsum dolor sit amet, consectetur adipiscing elit, sed do eiusmod tempor incididunt ut labore et dolore magna aliqua. Ut enim ad minim veniam, quis nostrud exercitation ullamco laboris nisi ut aliquip ex ea commodo consequat. Duis aute irure dolor in reprehenderit in voluptate velit esse cillum dolore eu fugiat nulla pariatur.",
	"logo-image" : "../../../images/js.png",
	"avatar-image" : "../../../images/js.png",
	"tweets" : "123K",
	"stats" : {
		"comments" : 123,
		"retweets" : 234,
		"likes" : 345
	}
}
{
	"_id" : ObjectId("61ab733275867f97ce218f5c"),
	"topic" : "Web Development",
	"userName" : "jQuery",
	"verified" : false,
	"handle" : "jQuery",
	"title" : "jQuery",
	"tweet" : "Lorem ipsum dolor sit amet, consectetur adipiscing elit, sed do eiusmod tempor incididunt ut labore et dolore magna aliqua. Ut enim ad minim veniam, quis nostrud exercitation ullamco laboris nisi ut aliquip ex ea commodo consequat. Duis aute irure dolor in reprehenderit in voluptate velit esse cillum dolore eu fugiat nulla pariatur.",
	"time" : "last week",
	"logo-image" : "../../../images/jquery.png",
	"avatar-image" : "../../../images/jquery.png",
	"tweets" : "122K",
	"stats" : {
		"comments" : 123,
		"retweets" : 234,
		"likes" : 345
	}
}
{
	"_id" : ObjectId("61ab734b75867f97ce218f5d"),
	"topic" : "Web Development",
	"userName" : "NodeJS",
	"verified" : true,
	"handle" : "NodeJS",
	"title" : "",
	"tweet" : "Lorem ipsum dolor sit amet, consectetur adipiscing elit, sed do eiusmod tempor incididunt ut labore et dolore magna aliqua. Ut enim ad minim veniam, quis nostrud exercitation ullamco laboris nisi ut aliquip ex ea commodo consequat. Duis aute irure dolor in reprehenderit in voluptate velit esse cillum dolore eu fugiat nulla pariatur.",
	"time" : "last month",
	"logo-image" : "../../../images/nodejs.png",
	"avatar-image" : "../../../images/nodejs.png",
	"tweets" : "120K",
	"stats" : {
		"comments" : 123,
		"retweets" : 234,
		"likes" : 345
	}
}
{
	"_id" : ObjectId("61ab765cf0718ca2acf09def"),
	"topic" : "Web Development",
	"userName" : "Xueying He",
	"verified" : false,
	"handle" : "xyinghe",
	"tweet" : "111111",
	"time" : "2h",
	"logo-image" : "../../../images/coco.jpg",
	"avatar-image" : "../../../images/coco.jpg",
	"stats" : {
		"comments" : 123,
		"retweets" : 234,
		"likes" : 345
	},
	"__v" : 0
}
{
	"_id" : ObjectId("61ab7cb5d79fc73f8e358ef2"),
	"topic" : "Web Development",
	"userName" : "Xueying He",
	"verified" : false,
	"handle" : "xyinghe",
	"tweet" : "",
	"time" : "2h",
	"logo-image" : "../../../images/coco.jpg",
	"avatar-image" : "../../../images/coco.jpg",
	"stats" : {
		"comments" : 123,
		"retweets" : 234,
		"likes" : 345
	},
	"__v" : 0
}
{
	"_id" : ObjectId("61ab7cb6d79fc73f8e358fe6"),
	"topic" : "Web Development",
	"userName" : "Xueying He",
	"verified" : false,
	"handle" : "xyinghe",
	"tweet" : "",
	"time" : "2h",
	"logo-image" : "../../../images/coco.jpg",
	"avatar-image" : "../../../images/coco.jpg",
	"stats" : {
		"comments" : 123,
		"retweets" : 234,
		"likes" : 345
	},
	"__v" : 0
}
> db.tweets.find().pretty()
{
	"_id" : ObjectId("61ab728375867f97ce218f59"),
	"topic" : "Web Development",
	"userName" : "ReactJS",
	"verified" : false,
	"handle" : "ReactJS",
	"time" : "2h",
	"title" : "React.js is a component based front end library that makes it very easy to build Single Page Applications or SPAs",
	"tweet" : "Lorem ipsum dolor sit amet, consectetur adipiscing elit, sed do eiusmod tempor incididunt ut labore et dolore magna aliqua. Ut enim ad minim veniam, quis nostrud exercitation ullamco laboris nisi ut aliquip ex ea commodo consequat. Duis aute irure dolor in reprehenderit in voluptate velit esse cillum dolore eu fugiat nulla pariatur.",
	"attachments" : {
		"video" : "unKvMC3Y1kI"
	},
	"logo-image" : "../../../images/react-blue.png",
	"avatar-image" : "../../../images/react-blue.png",
	"stats" : {
		"comments" : 123,
		"retweets" : 234,
		"likes" : 345
	}
}
{
	"_id" : ObjectId("61ab72bb75867f97ce218f5a"),
	"topic" : "Space",
	"userName" : "SpaceX",
	"verified" : false,
	"handle" : "spacex",
	"title" : "",
	"tweet" : "Lorem ipsum dolor sit amet, consectetur adipiscing elit, sed do eiusmod tempor incididunt ut labore et dolore magna aliqua. Ut enim ad minim veniam, quis nostrud exercitation ullamco laboris nisi ut aliquip ex ea commodo consequat. Duis aute irure dolor in reprehenderit in voluptate velit esse cillum dolore eu fugiat nulla pariatur.",
	"attachments" : {
		"image" : "../images/starship.png"
	},
	"time" : "last month",
	"logo-image" : "../../../images/elonmask.jpeg",
	"avatar-image" : "../../../images/elonmask.jpeg",
	"tweets" : "120K",
	"stats" : {
		"comments" : 123,
		"retweets" : 234,
		"likes" : 345
	}
}
{
	"_id" : ObjectId("61ab72e875867f97ce218f5b"),
	"topic" : "Space",
	"userName" : "Scott Manley",
	"verified" : true,
	"handle" : "DJSnM",
	"published-date" : "2020-12-10",
	"time" : "1 day",
	"title" : "JavaScript is programming language that can run on browsers as well as desktops",
	"tweet" : "Lorem ipsum dolor sit amet, consectetur adipiscing elit, sed do eiusmod tempor incididunt ut labore et dolore magna aliqua. Ut enim ad minim veniam, quis nostrud exercitation ullamco laboris nisi ut aliquip ex ea commodo consequat. Duis aute irure dolor in reprehenderit in voluptate velit esse cillum dolore eu fugiat nulla pariatur.",
	"logo-image" : "../../../images/js.png",
	"avatar-image" : "../../../images/js.png",
	"tweets" : "123K",
	"stats" : {
		"comments" : 123,
		"retweets" : 234,
		"likes" : 345
	}
}
{
	"_id" : ObjectId("61ab733275867f97ce218f5c"),
	"topic" : "Web Development",
	"userName" : "jQuery",
	"verified" : false,
	"handle" : "jQuery",
	"title" : "jQuery",
	"tweet" : "Lorem ipsum dolor sit amet, consectetur adipiscing elit, sed do eiusmod tempor incididunt ut labore et dolore magna aliqua. Ut enim ad minim veniam, quis nostrud exercitation ullamco laboris nisi ut aliquip ex ea commodo consequat. Duis aute irure dolor in reprehenderit in voluptate velit esse cillum dolore eu fugiat nulla pariatur.",
	"time" : "last week",
	"logo-image" : "../../../images/jquery.png",
	"avatar-image" : "../../../images/jquery.png",
	"tweets" : "122K",
	"stats" : {
		"comments" : 123,
		"retweets" : 234,
		"likes" : 345
	}
}
{
	"_id" : ObjectId("61ab734b75867f97ce218f5d"),
	"topic" : "Web Development",
	"userName" : "NodeJS",
	"verified" : true,
	"handle" : "NodeJS",
	"title" : "",
	"tweet" : "Lorem ipsum dolor sit amet, consectetur adipiscing elit, sed do eiusmod tempor incididunt ut labore et dolore magna aliqua. Ut enim ad minim veniam, quis nostrud exercitation ullamco laboris nisi ut aliquip ex ea commodo consequat. Duis aute irure dolor in reprehenderit in voluptate velit esse cillum dolore eu fugiat nulla pariatur.",
	"time" : "last month",
	"logo-image" : "../../../images/nodejs.png",
	"avatar-image" : "../../../images/nodejs.png",
	"tweets" : "120K",
	"stats" : {
		"comments" : 123,
		"retweets" : 234,
		"likes" : 345
	}
}
{
	"_id" : ObjectId("61ab765cf0718ca2acf09def"),
	"topic" : "Web Development",
	"userName" : "Xueying He",
	"verified" : false,
	"handle" : "xyinghe",
	"tweet" : "111111",
	"time" : "2h",
	"logo-image" : "../../../images/coco.jpg",
	"avatar-image" : "../../../images/coco.jpg",
	"stats" : {
		"comments" : 123,
		"retweets" : 234,
		"likes" : 345
	},
	"__v" : 0
}
{
	"_id" : ObjectId("61ab7cb5d79fc73f8e358ef2"),
	"topic" : "Web Development",
	"userName" : "Xueying He",
	"verified" : false,
	"handle" : "xyinghe",
	"tweet" : "",
	"time" : "2h",
	"logo-image" : "../../../images/coco.jpg",
	"avatar-image" : "../../../images/coco.jpg",
	"stats" : {
		"comments" : 123,
		"retweets" : 234,
		"likes" : 345
	},
	"__v" : 0
}
{
	"_id" : ObjectId("61ab7cb6d79fc73f8e358fe6"),
	"topic" : "Web Development",
	"userName" : "Xueying He",
	"verified" : false,
	"handle" : "xyinghe",
	"tweet" : "",

> db.tweets.find()
{ "_id" : ObjectId("61ab728375867f97ce218f59"), "topic" : "Web Development", "userName" : "ReactJS", "verified" : false, "handle" : "ReactJS", "time" : "2h", "title" : "React.js is a component based front end library that makes it very easy to build Single Page Applications or SPAs", "tweet" : "Lorem ipsum dolor sit amet, consectetur adipiscing elit, sed do eiusmod tempor incididunt ut labore et dolore magna aliqua. Ut enim ad minim veniam, quis nostrud exercitation ullamco laboris nisi ut aliquip ex ea commodo consequat. Duis aute irure dolor in reprehenderit in voluptate velit esse cillum dolore eu fugiat nulla pariatur.", "attachments" : { "video" : "unKvMC3Y1kI" }, "logo-image" : "../../../images/react-blue.png", "avatar-image" : "../../../images/react-blue.png", "stats" : { "comments" : 123, "retweets" : 234, "likes" : 345 } }
{ "_id" : ObjectId("61ab72bb75867f97ce218f5a"), "topic" : "Space", "userName" : "SpaceX", "verified" : false, "handle" : "spacex", "title" : "", "tweet" : "Lorem ipsum dolor sit amet, consectetur adipiscing elit, sed do eiusmod tempor incididunt ut labore et dolore magna aliqua. Ut enim ad minim veniam, quis nostrud exercitation ullamco laboris nisi ut aliquip ex ea commodo consequat. Duis aute irure dolor in reprehenderit in voluptate velit esse cillum dolore eu fugiat nulla pariatur.", "attachments" : { "image" : "../images/starship.png" }, "time" : "last month", "logo-image" : "../../../images/elonmask.jpeg", "avatar-image" : "../../../images/elonmask.jpeg", "tweets" : "120K", "stats" : { "comments" : 123, "retweets" : 234, "likes" : 345 } }
{ "_id" : ObjectId("61ab72e875867f97ce218f5b"), "topic" : "Space", "userName" : "Scott Manley", "verified" : true, "handle" : "DJSnM", "published-date" : "2020-12-10", "time" : "1 day", "title" : "JavaScript is programming language that can run on browsers as well as desktops", "tweet" : "Lorem ipsum dolor sit amet, consectetur adipiscing elit, sed do eiusmod tempor incididunt ut labore et dolore magna aliqua. Ut enim ad minim veniam, quis nostrud exercitation ullamco laboris nisi ut aliquip ex ea commodo consequat. Duis aute irure dolor in reprehenderit in voluptate velit esse cillum dolore eu fugiat nulla pariatur.", "logo-image" : "../../../images/js.png", "avatar-image" : "../../../images/js.png", "tweets" : "123K", "stats" : { "comments" : 123, "retweets" : 234, "likes" : 345 } }
{ "_id" : ObjectId("61ab733275867f97ce218f5c"), "topic" : "Web Development", "userName" : "jQuery", "verified" : false, "handle" : "jQuery", "title" : "jQuery", "tweet" : "Lorem ipsum dolor sit amet, consectetur adipiscing elit, sed do eiusmod tempor incididunt ut labore et dolore magna aliqua. Ut enim ad minim veniam, quis nostrud exercitation ullamco laboris nisi ut aliquip ex ea commodo consequat. Duis aute irure dolor in reprehenderit in voluptate velit esse cillum dolore eu fugiat nulla pariatur.", "time" : "last week", "logo-image" : "../../../images/jquery.png", "avatar-image" : "../../../images/jquery.png", "tweets" : "122K", "stats" : { "comments" : 123, "retweets" : 234, "likes" : 345 } }
{ "_id" : ObjectId("61ab734b75867f97ce218f5d"), "topic" : "Web Development", "userName" : "NodeJS", "verified" : true, "handle" : "NodeJS", "title" : "", "tweet" : "Lorem ipsum dolor sit amet, consectetur adipiscing elit, sed do eiusmod tempor incididunt ut labore et dolore magna aliqua. Ut enim ad minim veniam, quis nostrud exercitation ullamco laboris nisi ut aliquip ex ea commodo consequat. Duis aute irure dolor in reprehenderit in voluptate velit esse cillum dolore eu fugiat nulla pariatur.", "time" : "last month", "logo-image" : "../../../images/nodejs.png", "avatar-image" : "../../../images/nodejs.png", "tweets" : "120K", "stats" : { "comments" : 123, "retweets" : 234, "likes" : 345 } }
{ "_id" : ObjectId("61ab765cf0718ca2acf09def"), "topic" : "Web Development", "userName" : "Xueying He", "verified" : false, "handle" : "xyinghe", "tweet" : "111111", "time" : "2h", "logo-image" : "../../../images/coco.jpg", "avatar-image" : "../../../images/coco.jpg", "stats" : { "comments" : 123, "retweets" : 234, "likes" : 345 }, "__v" : 0 }
{ "_id" : ObjectId("61ab7cb5d79fc73f8e358ef2"), "topic" : "Web Development", "userName" : "Xueying He", "verified" : false, "handle" : "xyinghe", "tweet" : "", "time" : "2h", "logo-image" : "../../../images/coco.jpg", "avatar-image" : "../../../images/coco.jpg", "stats" : { "comments" : 123, "retweets" : 234, "likes" : 345 }, "__v" : 0 }
{ "_id" : ObjectId("61ab7cb6d79fc73f8e358fe6"), "topic" : "Web Development", "userName" : "Xueying He", "verified" : false, "handle" : "xyinghe", "tweet" : "", "time" : "2h", "logo-image" : "../../../images/coco.jpg", "avatar-image" : "../../../images/coco.jpg", "stats" : { "comments" : 123, "retweets" : 234, "likes" : 345 }, "__v" : 0 }
> db.tweets.find().pretty()
{
	"_id" : ObjectId("61ab728375867f97ce218f59"),
	"topic" : "Web Development",
	"userName" : "ReactJS",
	"verified" : false,
	"handle" : "ReactJS",
	"time" : "2h",
	"title" : "React.js is a component based front end library that makes it very easy to build Single Page Applications or SPAs",
	"tweet" : "Lorem ipsum dolor sit amet, consectetur adipiscing elit, sed do eiusmod tempor incididunt ut labore et dolore magna aliqua. Ut enim ad minim veniam, quis nostrud exercitation ullamco laboris nisi ut aliquip ex ea commodo consequat. Duis aute irure dolor in reprehenderit in voluptate velit esse cillum dolore eu fugiat nulla pariatur.",
	"attachments" : {
		"video" : "unKvMC3Y1kI"
	},
	"logo-image" : "../../../images/react-blue.png",
	"avatar-image" : "../../../images/react-blue.png",
	"stats" : {
		"comments" : 123,
		"retweets" : 234,
		"likes" : 345
	}
}
{
	"_id" : ObjectId("61ab72bb75867f97ce218f5a"),
	"topic" : "Space",
	"userName" : "SpaceX",
	"verified" : false,
	"handle" : "spacex",
	"title" : "",
	"tweet" : "Lorem ipsum dolor sit amet, consectetur adipiscing elit, sed do eiusmod tempor incididunt ut labore et dolore magna aliqua. Ut enim ad minim veniam, quis nostrud exercitation ullamco laboris nisi ut aliquip ex ea commodo consequat. Duis aute irure dolor in reprehenderit in voluptate velit esse cillum dolore eu fugiat nulla pariatur.",
	"attachments" : {
		"image" : "../images/starship.png"
	},
	"time" : "last month",
	"logo-image" : "../../../images/elonmask.jpeg",
	"avatar-image" : "../../../images/elonmask.jpeg",
	"tweets" : "120K",
	"stats" : {
		"comments" : 123,
		"retweets" : 234,
		"likes" : 345
	}
}
{
	"_id" : ObjectId("61ab72e875867f97ce218f5b"),
	"topic" : "Space",
	"userName" : "Scott Manley",
	"verified" : true,
	"handle" : "DJSnM",
	"published-date" : "2020-12-10",
	"time" : "1 day",
	"title" : "JavaScript is programming language that can run on browsers as well as desktops",
	"tweet" : "Lorem ipsum dolor sit amet, consectetur adipiscing elit, sed do eiusmod tempor incididunt ut labore et dolore magna aliqua. Ut enim ad minim veniam, quis nostrud exercitation ullamco laboris nisi ut aliquip ex ea commodo consequat. Duis aute irure dolor in reprehenderit in voluptate velit esse cillum dolore eu fugiat nulla pariatur.",
	"logo-image" : "../../../images/js.png",
	"avatar-image" : "../../../images/js.png",
	"tweets" : "123K",
	"stats" : {
		"comments" : 123,
		"retweets" : 234,
		"likes" : 345
	}
}
{
	"_id" : ObjectId("61ab733275867f97ce218f5c"),
	"topic" : "Web Development",
	"userName" : "jQuery",
	"verified" : false,
	"handle" : "jQuery",
	"title" : "jQuery",
	"tweet" : "Lorem ipsum dolor sit amet, consectetur adipiscing elit, sed do eiusmod tempor incididunt ut labore et dolore magna aliqua. Ut enim ad minim veniam, quis nostrud exercitation ullamco laboris nisi ut aliquip ex ea commodo consequat. Duis aute irure dolor in reprehenderit in voluptate velit esse cillum dolore eu fugiat nulla pariatur.",
	"time" : "last week",
	"logo-image" : "../../../images/jquery.png",
	"avatar-image" : "../../../images/jquery.png",
	"tweets" : "122K",
	"stats" : {
		"comments" : 123,
		"retweets" : 234,
		"likes" : 345
	}
}
{
	"_id" : ObjectId("61ab734b75867f97ce218f5d"),
	"topic" : "Web Development",
	"userName" : "NodeJS",
	"verified" : true,
	"handle" : "NodeJS",
	"title" : "",
	"tweet" : "Lorem ipsum dolor sit amet, consectetur adipiscing elit, sed do eiusmod tempor incididunt ut labore et dolore magna aliqua. Ut enim ad minim veniam, quis nostrud exercitation ullamco laboris nisi ut aliquip ex ea commodo consequat. Duis aute irure dolor in reprehenderit in voluptate velit esse cillum dolore eu fugiat nulla pariatur.",
	"time" : "last month",
	"logo-image" : "../../../images/nodejs.png",
	"avatar-image" : "../../../images/nodejs.png",
	"tweets" : "120K",
	"stats" : {
		"comments" : 123,
		"retweets" : 234,
		"likes" : 345
	}
}
{
	"_id" : ObjectId("61ab765cf0718ca2acf09def"),
	"topic" : "Web Development",
	"userName" : "Xueying He",
	"verified" : false,
	"handle" : "xyinghe",
	"tweet" : "111111",
	"time" : "2h",
	"logo-image" : "../../../images/coco.jpg",
	"avatar-image" : "../../../images/coco.jpg",
	"stats" : {
		"comments" : 123,
		"retweets" : 234,
		"likes" : 345
	},
	"__v" : 0
}
{
	"_id" : ObjectId("61ab7cb5d79fc73f8e358ef2"),
	"topic" : "Web Development",
	"userName" : "Xueying He",
	"verified" : false,
	"handle" : "xyinghe",
	"tweet" : "",
	"time" : "2h",
	"logo-image" : "../../../images/coco.jpg",
	"avatar-image" : "../../../images/coco.jpg",
	"stats" : {
		"comments" : 123,
		"retweets" : 234,
		"likes" : 345
	},
	"__v" : 0
}